TN:
SF:src\services\submit-feedback-service.ts
FN:14,execute
FN:12,SubmitFeedbackService
FNF:2
FNH:2
FNDA:5,execute
FNDA:1,SubmitFeedbackService
DA:1,1
DA:2,1
DA:3,1
DA:4,1
DA:5,1
DA:6,1
DA:7,1
DA:8,1
DA:9,1
DA:10,1
DA:11,1
DA:12,1
DA:13,1
DA:14,1
DA:15,5
DA:16,5
DA:17,5
DA:18,1
DA:19,1
DA:20,4
DA:21,5
DA:22,1
DA:23,1
DA:24,3
DA:25,5
DA:26,1
DA:27,1
DA:28,2
DA:29,2
DA:30,2
DA:31,2
DA:32,2
DA:33,2
DA:34,2
DA:35,2
DA:36,2
DA:37,2
DA:38,2
DA:39,2
DA:40,2
DA:41,2
DA:42,2
DA:43,1
DA:44,1
DA:45,1
LF:45
LH:45
BRDA:14,0,0,5
BRDA:17,1,0,1
BRDA:20,2,0,4
BRDA:21,3,0,2
BRDA:21,4,0,1
BRDA:24,5,0,3
BRDA:25,6,0,1
BRDA:28,7,0,2
BRDA:12,8,0,1
BRF:9
BRH:9
end_of_record
